<?xml version="1.0" encoding="UTF-8"?>
<testng-results skipped="0" failed="0" total="1" passed="1">
  <reporter-output>
  </reporter-output>
  <suite name="Default suite" duration-ms="10974" started-at="2018-02-10T16:32:56Z" finished-at="2018-02-10T16:33:07Z">
    <groups>
    </groups>
    <test name="Default test" duration-ms="10974" started-at="2018-02-10T16:32:56Z" finished-at="2018-02-10T16:33:07Z">
      <class name="MyMavenProject.MavenProjectPractice.GcrLogin">
        <test-method status="PASS" signature="loginGCR()[pri:0, instance:MyMavenProject.MavenProjectPractice.GcrLogin@39aeed2f]" name="loginGCR" duration-ms="10953" started-at="2018-02-10T22:02:56Z" finished-at="2018-02-10T22:03:07Z">
          <reporter-output>
          </reporter-output>
        </test-method> <!-- loginGCR -->
      </class> <!-- MyMavenProject.MavenProjectPractice.GcrLogin -->
    </test> <!-- Default test -->
  </suite> <!-- Default suite -->
</testng-results>
