<?xml version="1.0" encoding="UTF-8"?>
<testng-results skipped="0" failed="0" total="1" passed="1">
  <reporter-output>
  </reporter-output>
  <suite name="Default suite" duration-ms="11470" started-at="2018-02-11T08:26:21Z" finished-at="2018-02-11T08:26:32Z">
    <groups>
    </groups>
    <test name="Default test" duration-ms="11470" started-at="2018-02-11T08:26:21Z" finished-at="2018-02-11T08:26:32Z">
      <class name="MyMavenProject.MavenProjectPractice.GcrLogin">
        <test-method status="PASS" signature="loginGCR()[pri:0, instance:MyMavenProject.MavenProjectPractice.GcrLogin@39aeed2f]" name="loginGCR" duration-ms="11452" started-at="2018-02-11T13:56:21Z" finished-at="2018-02-11T13:56:32Z">
          <reporter-output>
          </reporter-output>
        </test-method> <!-- loginGCR -->
      </class> <!-- MyMavenProject.MavenProjectPractice.GcrLogin -->
    </test> <!-- Default test -->
  </suite> <!-- Default suite -->
</testng-results>
